[2026-01-09 17:58:23] ========================================
[2026-01-09 17:58:23] GesFer Console - Inicio de sesión
[2026-01-09 17:58:23] Fecha: 2026-01-09 17:58:23
[2026-01-09 17:58:23] ========================================
[2026-01-09 17:58:23] 
[2026-01-09 17:58:26] ========================================
[2026-01-09 17:58:26] Inicio de inicialización completa
[2026-01-09 17:58:26] ========================================
[2026-01-09 17:58:27] Limpiando contenedores existentes...
[2026-01-09 17:58:27] Comando: docker-compose down -v
[2026-01-09 17:58:27] Directorio de trabajo: C:\Proyectos\GesFer\Api
[2026-01-09 17:58:29] [docker-compose down] STDOUT:
[2026-01-09 17:58:29]   (vacío)
[2026-01-09 17:58:29] [docker-compose down] STDERR:
[2026-01-09 17:58:29]    Container gesfer_api_adminer  Stopping
[2026-01-09 17:58:29]    Container gesfer_api_cache  Stopping
[2026-01-09 17:58:29]    Container gesfer_api_adminer  Stopped
[2026-01-09 17:58:29]    Container gesfer_api_adminer  Removing
[2026-01-09 17:58:29]    Container gesfer_api_adminer  Removed
[2026-01-09 17:58:29]    Container gesfer_api_db  Stopping
[2026-01-09 17:58:29]    Container gesfer_api_cache  Stopped
[2026-01-09 17:58:29]    Container gesfer_api_cache  Removing
[2026-01-09 17:58:29]    Container gesfer_api_cache  Removed
[2026-01-09 17:58:29]    Container gesfer_api_db  Stopped
[2026-01-09 17:58:29]    Container gesfer_api_db  Removing
[2026-01-09 17:58:29]    Container gesfer_api_db  Removed
[2026-01-09 17:58:29]    Network api_gesfer_network  Removing
[2026-01-09 17:58:29]    Network api_gesfer_network  Removed
[2026-01-09 17:58:29]   
[2026-01-09 17:58:29] Código de salida: 0
[2026-01-09 17:58:29] Contenedores eliminados correctamente
[2026-01-09 17:58:29] Creando contenedores Docker...
[2026-01-09 17:58:29] Comando: docker-compose up -d
[2026-01-09 17:58:29] Directorio de trabajo: C:\Proyectos\GesFer\Api
[2026-01-09 17:58:36] [docker-compose up] STDOUT:
[2026-01-09 17:58:36]   (vacío)
[2026-01-09 17:58:36] [docker-compose up] STDERR:
[2026-01-09 17:58:36]    Network api_gesfer_network  Creating
[2026-01-09 17:58:36]    Network api_gesfer_network  Created
[2026-01-09 17:58:36]    Container gesfer_api_cache  Creating
[2026-01-09 17:58:36]    Container gesfer_api_db  Creating
[2026-01-09 17:58:36]    Container gesfer_api_cache  Created
[2026-01-09 17:58:36]    Container gesfer_api_db  Created
[2026-01-09 17:58:36]    Container gesfer_api_adminer  Creating
[2026-01-09 17:58:36]    Container gesfer_api_adminer  Created
[2026-01-09 17:58:36]    Container gesfer_api_cache  Starting
[2026-01-09 17:58:36]    Container gesfer_api_db  Starting
[2026-01-09 17:58:36]    Container gesfer_api_cache  Started
[2026-01-09 17:58:36]    Container gesfer_api_db  Started
[2026-01-09 17:58:36]    Container gesfer_api_db  Waiting
[2026-01-09 17:58:36]    Container gesfer_api_db  Healthy
[2026-01-09 17:58:36]    Container gesfer_api_adminer  Starting
[2026-01-09 17:58:36]    Container gesfer_api_adminer  Started
[2026-01-09 17:58:36]   
[2026-01-09 17:58:36] Código de salida: 0
[2026-01-09 17:58:36] Contenedores creados correctamente
[2026-01-09 17:58:36] Esperando a que MySQL esté listo (máximo 30 intentos)...
[2026-01-09 17:58:36] MySQL está listo después de 1 intentos
[2026-01-09 17:58:42] Verificando migraciones en: C:\Proyectos\GesFer\Api\src\Infrastructure\Migrations
[2026-01-09 17:58:42] Migraciones existentes encontradas: 3 archivos
[2026-01-09 17:58:42] Aplicando migraciones a la base de datos...
[2026-01-09 17:58:42] Comando: dotnet ef database update --project "C:\Proyectos\GesFer\Api\src\Infrastructure\GesFer.Infrastructure.csproj" --startup-project "C:\Proyectos\GesFer\Api\src\Api\GesFer.Api.csproj"
[2026-01-09 17:58:42] Directorio de trabajo: C:\Proyectos\GesFer\Api\src\Api
[2026-01-09 17:58:49] [dotnet ef database update] STDOUT:
[2026-01-09 17:58:49]   Build started...
[2026-01-09 17:58:49]   Build succeeded.
[2026-01-09 17:58:49]   warn: Microsoft.EntityFrameworkCore.Model.Validation[10400]
[2026-01-09 17:58:49]         Sensitive data logging is enabled. Log entries and exception messages may include sensitive application data; this mode should only be enabled during development.
[2026-01-09 17:58:49]   info: Microsoft.EntityFrameworkCore.Database.Command[20101]
[2026-01-09 17:58:49]         Executed DbCommand (14ms) [Parameters=[], CommandType='Text', CommandTimeout='30']
[2026-01-09 17:58:49]         SELECT 1 FROM INFORMATION_SCHEMA.TABLES WHERE TABLE_SCHEMA='ScrapDb' AND TABLE_NAME='__EFMigrationsHistory';
[2026-01-09 17:58:49]   info: Microsoft.EntityFrameworkCore.Database.Command[20101]
[2026-01-09 17:58:49]         Executed DbCommand (1ms) [Parameters=[], CommandType='Text', CommandTimeout='30']
[2026-01-09 17:58:49]         SELECT 1 FROM INFORMATION_SCHEMA.TABLES WHERE TABLE_SCHEMA='ScrapDb' AND TABLE_NAME='__EFMigrationsHistory';
[2026-01-09 17:58:49]   info: Microsoft.EntityFrameworkCore.Database.Command[20101]
[2026-01-09 17:58:49]         Executed DbCommand (15ms) [Parameters=[], CommandType='Text', CommandTimeout='30']
[2026-01-09 17:58:49]         SELECT `MigrationId`, `ProductVersion`
[2026-01-09 17:58:49]         FROM `__EFMigrationsHistory`
[2026-01-09 17:58:49]         ORDER BY `MigrationId`;
[2026-01-09 17:58:49]   info: Microsoft.EntityFrameworkCore.Migrations[20405]
[2026-01-09 17:58:49]         No migrations were applied. The database is already up to date.
[2026-01-09 17:58:49]   No migrations were applied. The database is already up to date.
[2026-01-09 17:58:49]   Done.
[2026-01-09 17:58:49]   
[2026-01-09 17:58:49] Código de salida: 0
[2026-01-09 17:58:49] Migraciones aplicadas correctamente
[2026-01-09 17:58:49] Ejecutando script SQL: master-data.sql
[2026-01-09 17:58:49] Tamaño del script: 7893 caracteres
[2026-01-09 17:58:49] Comando: docker exec -i gesfer_api_db mysql -u scrapuser -pscrappassword ScrapDb
[2026-01-09 17:58:49] [mysql exec master-data.sql] STDOUT:
[2026-01-09 17:58:49]   (vacío)
[2026-01-09 17:58:49] [mysql exec master-data.sql] STDERR:
[2026-01-09 17:58:49]   mysql: [Warning] Using a password on the command line interface can be insecure.
[2026-01-09 17:58:49]   ERROR 1064 (42000) at line 75: You have an error in your SQL syntax; check the manual that corresponds to your MySQL server version for the right syntax to use near 'Groups (Id, Name, Description, CreatedAt, UpdatedAt, DeletedAt, IsActive)
[2026-01-09 17:58:49]   VALUES' at line 1
[2026-01-09 17:58:49]   
[2026-01-09 17:58:49] Código de salida: 1
[2026-01-09 17:58:49] ⚠ Error al ejecutar master-data.sql (código: 1)
[2026-01-09 17:58:50] Ejecutando script SQL: sample-data.sql
[2026-01-09 17:58:50] Tamaño del script: 9371 caracteres
[2026-01-09 17:58:50] Comando: docker exec -i gesfer_api_db mysql -u scrapuser -pscrappassword ScrapDb
[2026-01-09 17:58:50] [mysql exec sample-data.sql] STDOUT:
[2026-01-09 17:58:50]   (vacío)
[2026-01-09 17:58:50] [mysql exec sample-data.sql] STDERR:
[2026-01-09 17:58:50]   mysql: [Warning] Using a password on the command line interface can be insecure.
[2026-01-09 17:58:50]   
[2026-01-09 17:58:50] Código de salida: 0
[2026-01-09 17:58:50] sample-data.sql ejecutado correctamente
[2026-01-09 17:58:50] Ejecutando script SQL: test-data.sql
[2026-01-09 17:58:50] Tamaño del script: 6025 caracteres
[2026-01-09 17:58:50] Comando: docker exec -i gesfer_api_db mysql -u scrapuser -pscrappassword ScrapDb
[2026-01-09 17:58:51] [mysql exec test-data.sql] STDOUT:
[2026-01-09 17:58:51]   (vacío)
[2026-01-09 17:58:51] [mysql exec test-data.sql] STDERR:
[2026-01-09 17:58:51]   mysql: [Warning] Using a password on the command line interface can be insecure.
[2026-01-09 17:58:51]   
[2026-01-09 17:58:51] Código de salida: 0
[2026-01-09 17:58:51] test-data.sql ejecutado correctamente
