[2026-01-09 13:56:36] ========================================
[2026-01-09 13:56:36] GesFer Console - Inicio de sesión
[2026-01-09 13:56:36] Fecha: 2026-01-09 13:56:36
[2026-01-09 13:56:36] ========================================
[2026-01-09 13:56:36] 
[2026-01-09 13:56:39] ========================================
[2026-01-09 13:56:39] Inicio de inicialización completa
[2026-01-09 13:56:39] ========================================
[2026-01-09 13:56:39] Limpiando contenedores existentes...
[2026-01-09 13:56:39] Comando: docker-compose down -v
[2026-01-09 13:56:39] Directorio de trabajo: C:\Proyectos\GesFer\Api
[2026-01-09 13:56:41] [docker-compose down] STDOUT:
[2026-01-09 13:56:41]   (vacío)
[2026-01-09 13:56:41] [docker-compose down] STDERR:
[2026-01-09 13:56:41]    Container gesfer_api_adminer  Stopping
[2026-01-09 13:56:41]    Container gesfer_api_cache  Stopping
[2026-01-09 13:56:41]    Container gesfer_api_adminer  Stopped
[2026-01-09 13:56:41]    Container gesfer_api_adminer  Removing
[2026-01-09 13:56:41]    Container gesfer_api_adminer  Removed
[2026-01-09 13:56:41]    Container gesfer_api_db  Stopping
[2026-01-09 13:56:41]    Container gesfer_api_cache  Stopped
[2026-01-09 13:56:41]    Container gesfer_api_cache  Removing
[2026-01-09 13:56:41]    Container gesfer_api_cache  Removed
[2026-01-09 13:56:41]    Container gesfer_api_db  Stopped
[2026-01-09 13:56:41]    Container gesfer_api_db  Removing
[2026-01-09 13:56:41]    Container gesfer_api_db  Removed
[2026-01-09 13:56:41]    Network api_gesfer_network  Removing
[2026-01-09 13:56:41]    Network api_gesfer_network  Removed
[2026-01-09 13:56:41]   
[2026-01-09 13:56:41] Código de salida: 0
[2026-01-09 13:56:41] Contenedores eliminados correctamente
[2026-01-09 13:56:41] Creando contenedores Docker...
[2026-01-09 13:56:41] Comando: docker-compose up -d
[2026-01-09 13:56:41] Directorio de trabajo: C:\Proyectos\GesFer\Api
[2026-01-09 13:56:48] [docker-compose up] STDOUT:
[2026-01-09 13:56:48]   (vacío)
[2026-01-09 13:56:48] [docker-compose up] STDERR:
[2026-01-09 13:56:48]    Network api_gesfer_network  Creating
[2026-01-09 13:56:48]    Network api_gesfer_network  Created
[2026-01-09 13:56:48]    Container gesfer_api_db  Creating
[2026-01-09 13:56:48]    Container gesfer_api_cache  Creating
[2026-01-09 13:56:48]    Container gesfer_api_db  Created
[2026-01-09 13:56:48]    Container gesfer_api_adminer  Creating
[2026-01-09 13:56:48]    Container gesfer_api_cache  Created
[2026-01-09 13:56:48]    Container gesfer_api_adminer  Created
[2026-01-09 13:56:48]    Container gesfer_api_db  Starting
[2026-01-09 13:56:48]    Container gesfer_api_cache  Starting
[2026-01-09 13:56:48]    Container gesfer_api_cache  Started
[2026-01-09 13:56:48]    Container gesfer_api_db  Started
[2026-01-09 13:56:48]    Container gesfer_api_db  Waiting
[2026-01-09 13:56:48]    Container gesfer_api_db  Healthy
[2026-01-09 13:56:48]    Container gesfer_api_adminer  Starting
[2026-01-09 13:56:48]    Container gesfer_api_adminer  Started
[2026-01-09 13:56:48]   
[2026-01-09 13:56:48] Código de salida: 0
[2026-01-09 13:56:48] Contenedores creados correctamente
[2026-01-09 13:56:48] Esperando a que MySQL esté listo (máximo 30 intentos)...
[2026-01-09 13:56:48] MySQL está listo después de 1 intentos
[2026-01-09 13:56:54] Verificando migraciones en: C:\Proyectos\GesFer\Api\src\Infrastructure\Migrations
[2026-01-09 13:56:54] Migraciones existentes encontradas: 3 archivos
[2026-01-09 13:56:54] Aplicando migraciones a la base de datos...
[2026-01-09 13:56:54] Comando: dotnet ef database update --project "C:\Proyectos\GesFer\Api\src\Infrastructure\GesFer.Infrastructure.csproj" --startup-project "C:\Proyectos\GesFer\Api\src\Api\GesFer.Api.csproj"
[2026-01-09 13:56:54] Directorio de trabajo: C:\Proyectos\GesFer\Api\src\Api
[2026-01-09 13:57:00] [dotnet ef database update] STDOUT:
[2026-01-09 13:57:00]   Build started...
[2026-01-09 13:57:00]   Build succeeded.
[2026-01-09 13:57:00]   warn: Microsoft.EntityFrameworkCore.Model.Validation[10400]
[2026-01-09 13:57:00]         Sensitive data logging is enabled. Log entries and exception messages may include sensitive application data; this mode should only be enabled during development.
[2026-01-09 13:57:00]   info: Microsoft.EntityFrameworkCore.Database.Command[20101]
[2026-01-09 13:57:00]         Executed DbCommand (10ms) [Parameters=[], CommandType='Text', CommandTimeout='30']
[2026-01-09 13:57:00]         SELECT 1 FROM INFORMATION_SCHEMA.TABLES WHERE TABLE_SCHEMA='ScrapDb' AND TABLE_NAME='__EFMigrationsHistory';
[2026-01-09 13:57:00]   info: Microsoft.EntityFrameworkCore.Database.Command[20101]
[2026-01-09 13:57:00]         Executed DbCommand (1ms) [Parameters=[], CommandType='Text', CommandTimeout='30']
[2026-01-09 13:57:00]         SELECT 1 FROM INFORMATION_SCHEMA.TABLES WHERE TABLE_SCHEMA='ScrapDb' AND TABLE_NAME='__EFMigrationsHistory';
[2026-01-09 13:57:00]   info: Microsoft.EntityFrameworkCore.Database.Command[20101]
[2026-01-09 13:57:00]         Executed DbCommand (14ms) [Parameters=[], CommandType='Text', CommandTimeout='30']
[2026-01-09 13:57:00]         SELECT `MigrationId`, `ProductVersion`
[2026-01-09 13:57:00]         FROM `__EFMigrationsHistory`
[2026-01-09 13:57:00]         ORDER BY `MigrationId`;
[2026-01-09 13:57:00]   info: Microsoft.EntityFrameworkCore.Migrations[20405]
[2026-01-09 13:57:00]         No migrations were applied. The database is already up to date.
[2026-01-09 13:57:00]   No migrations were applied. The database is already up to date.
[2026-01-09 13:57:00]   Done.
[2026-01-09 13:57:00]   
[2026-01-09 13:57:00] Código de salida: 0
[2026-01-09 13:57:00] Migraciones aplicadas correctamente
[2026-01-09 13:57:00] Ejecutando script SQL: master-data.sql
[2026-01-09 13:57:00] Tamaño del script: 7893 caracteres
[2026-01-09 13:57:00] Comando: docker exec -i gesfer_api_db mysql -u scrapuser -pscrappassword ScrapDb
[2026-01-09 13:57:01] [mysql exec master-data.sql] STDOUT:
[2026-01-09 13:57:01]   (vacío)
[2026-01-09 13:57:01] [mysql exec master-data.sql] STDERR:
[2026-01-09 13:57:01]   mysql: [Warning] Using a password on the command line interface can be insecure.
[2026-01-09 13:57:01]   ERROR 1064 (42000) at line 75: You have an error in your SQL syntax; check the manual that corresponds to your MySQL server version for the right syntax to use near 'Groups (Id, Name, Description, CreatedAt, UpdatedAt, DeletedAt, IsActive)
[2026-01-09 13:57:01]   VALUES' at line 1
[2026-01-09 13:57:01]   
[2026-01-09 13:57:01] Código de salida: 1
[2026-01-09 13:57:01] ⚠ Error al ejecutar master-data.sql (código: 1)
[2026-01-09 13:57:01] Ejecutando script SQL: sample-data.sql
[2026-01-09 13:57:01] Tamaño del script: 9371 caracteres
[2026-01-09 13:57:01] Comando: docker exec -i gesfer_api_db mysql -u scrapuser -pscrappassword ScrapDb
[2026-01-09 13:57:01] [mysql exec sample-data.sql] STDOUT:
[2026-01-09 13:57:01]   (vacío)
[2026-01-09 13:57:01] [mysql exec sample-data.sql] STDERR:
[2026-01-09 13:57:01]   mysql: [Warning] Using a password on the command line interface can be insecure.
[2026-01-09 13:57:01]   
[2026-01-09 13:57:01] Código de salida: 0
[2026-01-09 13:57:01] sample-data.sql ejecutado correctamente
[2026-01-09 13:57:02] Ejecutando script SQL: test-data.sql
[2026-01-09 13:57:02] Tamaño del script: 6025 caracteres
[2026-01-09 13:57:02] Comando: docker exec -i gesfer_api_db mysql -u scrapuser -pscrappassword ScrapDb
[2026-01-09 13:57:02] [mysql exec test-data.sql] STDOUT:
[2026-01-09 13:57:02]   (vacío)
[2026-01-09 13:57:02] [mysql exec test-data.sql] STDERR:
[2026-01-09 13:57:02]   mysql: [Warning] Using a password on the command line interface can be insecure.
[2026-01-09 13:57:02]   
[2026-01-09 13:57:02] Código de salida: 0
[2026-01-09 13:57:02] test-data.sql ejecutado correctamente
